13:42:36.977 karate.env system property was:  
13:42:37.069 [print] Result of 2 numbers =>  24.0
13:42:37.081 [print] Result of 2 numbers =>  100
mal/webapi/all
1 > Accept: application/json
1 > Accept-Encoding: gzip,deflate
1 > Connection: Keep-Alive
1 > Host: localhost:9191
1 > User-Agent: Apache-HttpClient/4.5.12 (Java/1.8.0_291)

13:25:57.948 response time in milliseconds: 23.25
1 < 200
1 < Cache-Control: no-cache, no-store, max-age=0, must-revalidate
1 < Connection: keep-alive
1 < Content-Type: application/json
1 < Date: Sat, 30 Jul 2022 07:55:57 GMT
1 < Expires: 0
1 < Keep-Alive: timeout=60
1 < Pragma: no-cache
1 < Transfer-Encoding: chunked
1 < X-Content-Type-Options: nosniff
1 < X-Frame-Options: DENY
1 < X-XSS-Protection: 1; mode=block
[{"jobId":1,"jobTitle":"Software Engg","jobDescription":"To develop andriod application","experience":["Google","Apple","Mobile Iron"],"project":[{"projectName":"Movie App","technology":["Kotlin","SQL Lite","Gradle"]}]}]

13:25:57.951 [print] [
  {
    "jobId": 1,
    "jobTitle": "Software Engg",
    "project": [
      {
        "technology": [
          "Kotlin",
          "SQL Lite",
          "Gradle"
        ],
        "projectName": "Movie App"
      }
    ],
    "jobDescription": "To develop andriod application",
    "experience": [
      "Google",
      "Apple",
      "Mobile Iron"
    ]
  }
]

itle": "Software Engg -2",
  "project": [
    {
      "technology": [
        "Kotlin",
        "SQL Lite",
        "Gradle",
        "Pega"
      ],
      "projectName": "Movie App"
    }
  ],
  "jobDescription": "To develop andriod application",
  "experience": [
    "Google",
    "Apple",
    "Mobile Iron"
  ]
}

07:58:15.510 request:
1 > GET http://localhost:9191/normal/webapi/find?id=%23%28createJobId%29&jobTitle=%23%28createJobTitle%29
1 > Accept-Encoding: gzip,deflate
1 > Connection: Keep-Alive
1 > Content-type: application/json
1 > Host: localhost:9191
1 > User-Agent: Apache-HttpClient/4.5.12 (Java/1.8.0_291)

07:58:15.516 response time in milliseconds: 4.00
1 < 400
1 < Cache-Control: no-cache, no-store, max-age=0, must-revalidate
1 < Connection: close
1 < Content-Type: application/json
1 < Date: Wed, 27 Jul 2022 02:28:15 GMT
1 < Expires: 0
1 < Pragma: no-cache
1 < Transfer-Encoding: chunked
1 < X-Content-Type-Options: nosniff
1 < X-Frame-Options: DENY
1 < X-XSS-Protection: 1; mode=block
{"timestamp":"2022-07-27T02:28:15.514+0000","status":400,"error":"Bad Request","message":"Failed to convert value of type 'java.lang.String' to required type 'int'; nested exception is java.lang.NumberFormatException: For input string: \"(createJobId)\"","path":"/normal/webapi/find"}

07:58:15.517 status code was: 400, expected: 200, response time: 4, url: http://localhost:9191/normal/webapi/find?id=%23%28createJobId%29&jobTitle=%23%28createJobTitle%29, response: {"path":"/normal/webapi/find","error":"Bad Request","message":"Failed to convert value of type 'java.lang.String' to required type 'int'; nested exception is java.lang.NumberFormatException: For input string: \"(createJobId)\"","timestamp":"2022-07-27T02:28:15.514+0000","status":400}
gg -5",
  "project": [
    {
      "technology": [
        "Kotlin",
        "SQL Lite",
        "Gradle",
        "Pega"
      ],
      "projectName": "Movie App"
    },
    {
      "technology": [
        "Node Js",
        "Html",
        "Css",
        "MongoDb"
      ],
      "projectName": "Web App"
    }
  ],
  "jobDescription": "To develop andriod application and web application",
  "experience": [
    "Google",
    "Apple",
    "Mobile Iron"
  ]
}

07:29:51.764 [print] [
  {
    "jobId": 9,
    "jobTitle": "Software Engg -5",
    "project": [
      {
        "technology": [
          "Kotlin",
          "SQL Lite",
          "Gradle",
          "Pega"
        ],
        "projectName": "Movie App"
      },
      {
        "technology": [
          "Node Js",
          "Html",
          "Css",
          "MongoDb"
        ],
        "projectName": "Web App"
      }
    ],
    "jobDescription": "To develop andriod application and web application",
    "experience": [
      "Google",
      "Apple",
      "Mobile Iron"
    ]
  }
]

07:29:51.790 karate.env system property was:  
07:29:51.791 [print] ====== base url ======
07:29:51.797 request:
1 > GET http://localhost:9191/normal/webapi/all
1 > Accept: application/json
1 > Accept-Encoding: gzip,deflate
1 > Connection: Keep-Alive
1 > Host: localhost:9191
1 > User-Agent: Apache-HttpClient/4.5.12 (Java/1.8.0_291)

07:29:51.803 response time in milliseconds: 4.10
1 < 200
1 < Cache-Control: no-cache, no-store, max-age=0, must-revalidate
1 < Connection: keep-alive
1 < Content-Type: application/json
1 < Date: Wed, 27 Jul 2022 01:59:51 GMT
1 < Expires: 0
1 < Keep-Alive: timeout=60
1 < Pragma: no-cache
1 < Transfer-Encoding: chunked
1 < X-Content-Type-Options: nosniff
1 < X-Frame-Options: DENY
1 < X-XSS-Protection: 1; mode=block
[{"jobId":1,"jobTitle":"Software Engg","jobDescription":"To develop andriod application","experience":["Google","Apple","Mobile Iron"],"project":[{"projectName":"Movie App","technology":["Kotlin","SQL Lite","Gradle"]}]},{"jobId":297,"jobTitle":"Software Engg -2","jobDescription":"To develop andriod application","experience":["Google","Apple","Mobile Iron"],"project":[{"projectName":"Movie App","technology":["Kotlin","SQL Lite","Gradle","Pega"]}]},{"jobId":400,"jobTitle":"Software Engg -2","jobDescription":"To develop andriod application","experience":["Google","Apple","Mobile Iron"],"project":[{"projectName":"Movie App","technology":["Kotlin","SQL Lite","Gradle","Pega"]}]},{"jobId":6,"jobTitle":"Software Engg -2","jobDescription":"To develop andriod application","experience":["Google","Apple","Mobile Iron"],"project":[{"projectName":"Movie App","technology":["Kotlin","SQL Lite","Gradle","Pega"]}]},{"jobId":5,"jobTitle":"Software Engg -3","jobDescription":"To develop andriod application and web application","experience":["Google","Apple","Mobile Iron"],"project":[{"projectName":"Movie App","technology":["Kotlin","SQL Lite","Gradle","Pega"]},{"projectName":"Web App","technology":["Node Js","Html","Css","MongoDb"]}]},{"jobId":6,"jobTitle":"Software Engg -2","jobDescription":"To develop andriod application","experience":["Google","Apple","Mobile Iron"],"project":[{"projectName":"Movie App","technology":["Kotlin","SQL Lite","Gradle","Pega"]}]},{"jobId":400,"jobTitle":"Software Engg -2","jobDescription":"To develop andriod application","experience":["Google","Apple","Mobile Iron"],"project":[{"projectName":"Movie App","technology":["Kotlin","SQL Lite","Gradle","Pega"]}]},{"jobId":297,"jobTitle":"Software Engg -2","jobDescription":"To develop andriod application","experience":["Google","Apple","Mobile Iron"],"project":[{"projectName":"Movie App","technology":["Kotlin","SQL Lite","Gradle","Pega"]}]},{"jobId":297,"jobTitle":"Software Engg -2","jobDescription":"To develop andriod application","experience":["Google","Apple","Mobile Iron"],"project":[{"projectName":"Movie App","technology":["Kotlin","SQL Lite","Gradle","Pega"]}]},{"jobId":400,"jobTitle":"Software Engg -2","jobDescription":"To develop andriod application","experience":["Google","Apple","Mobile Iron"],"project":[{"projectName":"Movie App","technology":["Kotlin","SQL Lite","Gradle","Pega"]}]},{"jobId":400,"jobTitle":"Software Engg -2","jobDescription":"To develop andriod application","experience":["Google","Apple","Mobile Iron"],"project":[{"projectName":"Movie App","technology":["Kotlin","SQL Lite","Gradle","Pega"]}]},{"jobId":297,"jobTitle":"Software Engg -2","jobDescription":"To develop andriod application","experience":["Google","Apple","Mobile Iron"],"project":[{"projectName":"Movie App","technology":["Kotlin","SQL Lite","Gradle","Pega"]}]},{"jobId":2,"jobTitle":"Software Engg -5","jobDescription":"To develop andriod application and web application","experience":["Google","Apple","Mobile Iron"],"project":[{"projectName":"Movie App","technology":["Kotlin","SQL Lite","Gradle","Pega"]},{"projectName":"Web App","technology":["Node Js","Html","Css","MongoDb"]}]},{"jobId":400,"jobTitle":"Software Engg -2","jobDescription":"To develop andriod application","experience":["Google","Apple","Mobile Iron"],"project":[{"projectName":"Movie App","technology":["Kotlin","SQL Lite","Gradle","Pega"]}]},{"jobId":3,"jobTitle":"Software Engg -5","jobDescription":"To develop andriod application and web application","experience":["Google","Apple","Mobile Iron"],"project":[{"projectName":"Movie App","technology":["Kotlin","SQL Lite","Gradle","Pega"]},{"projectName":"Web App","technology":["Node Js","Html","Css","MongoDb"]}]},{"jobId":297,"jobTitle":"Software Engg -2","jobDescription":"To develop andriod application","experience":["Google","Apple","Mobile Iron"],"project":[{"projectName":"Movie App","technology":["Kotlin","SQL Lite","Gradle","Pega"]}]},{"jobId":10,"jobTitle":"Software Engg -5","jobDescription":"To develop andriod application and web application","experience":["Google","Apple","Mobile Iron"],"project":[{"projectName":"Movie App","technology":["Kotlin","SQL Lite","Gradle","Pega"]},{"projectName":"Web App","technology":["Node Js","Html","Css","MongoDb"]}]},{"jobId":10,"jobTitle":"Software Engg -2","jobDescription":"To develop andriod application","experience":["Google","Apple","Mobile Iron"],"project":[{"projectName":"Movie App","technology":["Kotlin","SQL Lite","Gradle","Pega"]}]},{"jobId":297,"jobTitle":"Software Engg -2","jobDescription":"To develop andriod application","experience":["Google","Apple","Mobile Iron"],"project":[{"projectName":"Movie App","technology":["Kotlin","SQL Lite","Gradle","Pega"]}]},{"jobId":400,"jobTitle":"Software Engg -2","jobDescription":"To develop andriod application","experience":["Google","Apple","Mobile Iron"],"project":[{"projectName":"Movie App","technology":["Kotlin","SQL Lite","Gradle","Pega"]}]},{"jobId":4,"jobTitle":"Software Engg -5","jobDescription":"To develop andriod application and web application","experience":["Google","Apple","Mobile Iron"],"project":[{"projectName":"Movie App","technology":["Kotlin","SQL Lite","Gradle","Pega"]},{"projectName":"Web App","technology":["Node Js","Html","Css","MongoDb"]}]},{"jobId":6,"jobTitle":"Software Engg -2","jobDescription":"To develop andriod application","experience":["Google","Apple","Mobile Iron"],"project":[{"projectName":"Movie App","technology":["Kotlin","SQL Lite","Gradle","Pega"]}]},{"jobId":297,"jobTitle":"Software Engg -2","jobDescription":"To develop andriod application","experience":["Google","Apple","Mobile Iron"],"project":[{"projectName":"Movie App","technology":["Kotlin","SQL Lite","Gradle","Pega"]}]},{"jobId":400,"jobTitle":"Software Engg -2","jobDescription":"To develop andriod application","experience":["Google","Apple","Mobile Iron"],"project":[{"projectName":"Movie App","technology":["Kotlin","SQL Lite","Gradle","Pega"]}]},{"jobId":8,"jobTitle":"Software Engg -5","jobDescription":"To develop andriod application and web application","experience":["Google","Apple","Mobile Iron"],"project":[{"projectName":"Movie App","technology":["Kotlin","SQL Lite","Gradle","Pega"]},{"projectName":"Web App","technology":["Node Js","Html","Css","MongoDb"]}]},{"jobId":297,"jobTitle":"Software Engg -2","jobDescription":"To develop andriod application","experience":["Google","Apple","Mobile Iron"],"project":[{"projectName":"Movie App","technology":["Kotlin","SQL Lite","Gradle","Pega"]}]},{"jobId":2,"jobTitle":"Software Engg -2","jobDescription":"To develop andriod application","experience":["Google","Apple","Mobile Iron"],"project":[{"projectName":"Movie App","technology":["Kotlin","SQL Lite","Gradle","Pega"]}]},{"jobId":7,"jobTitle":"Software Engg -5","jobDescription":"To develop andriod application and web application","experience":["Google","Apple","Mobile Iron"],"project":[{"projectName":"Movie App","technology":["Kotlin","SQL Lite","Gradle","Pega"]},{"projectName":"Web App","technology":["Node Js","Html","Css","MongoDb"]}]},{"jobId":400,"jobTitle":"Software Engg -2","jobDescription":"To develop andriod application","experience":["Google","Apple","Mobile Iron"],"project":[{"projectName":"Movie App","technology":["Kotlin","SQL Lite","Gradle","Pega"]}]},{"jobId":8,"jobTitle":"Software Engg -2","jobDescription":"To develop andriod application","experience":["Google","Apple","Mobile Iron"],"project":[{"projectName":"Movie App","technology":["Kotlin","SQL Lite","Gradle","Pega"]}]},{"jobId":297,"jobTitle":"Software Engg -2","jobDescription":"To develop andriod application","experience":["Google","Apple","Mobile Iron"],"project":[{"projectName":"Movie App","technology":["Kotlin","SQL Lite","Gradle","Pega"]}]},{"jobId":9,"jobTitle":"Software Engg -5","jobDescription":"To develop andriod application and web application","experience":["Google","Apple","Mobile Iron"],"project":[{"projectName":"Movie App","technology":["Kotlin","SQL Lite","Gradle","Pega"]},{"projectName":"Web App","technology":["Node Js","Html","Css","MongoDb"]}]},{"jobId":400,"jobTitle":"Software Engg -2","jobDescription":"To develop andriod application","experience":["Google","Apple","Mobile Iron"],"project":[{"projectName":"Movie App","technology":["Kotlin","SQL Lite","Gradle","Pega"]}]},{"jobId":3,"jobTitle":"Software Engg -2","jobDescription":"To develop andriod application","experience":["Google","Apple","Mobile Iron"],"project":[{"projectName":"Movie App","technology":["Kotlin","SQL Lite","Gradle","Pega"]}]}]

07:29:51.811 [print] [
  {
    "jobId": 1,
    "jobTitle": "Software Engg",
    "project": [
      {
        "technology": [
          "Kotlin",
          "SQL Lite",
          "Gradle"
        ],
        "projectName": "Movie App"
      }
    ],
    "jobDescription": "To develop andriod application",
    "experience": [
      "Google",
      "Apple",
      "Mobile Iron"
    ]
  },
  {
    "jobId": 297,
    "jobTitle": "Software Engg -2",
    "project": [
      {
        "technology": [
          "Kotlin",
          "SQL Lite",
          "Gradle",
          "Pega"
        ],
        "projectName": "Movie App"
      }
    ],
    "jobDescription": "To develop andriod application",
    "experience": [
      "Google",
      "Apple",
      "Mobile Iron"
    ]
  },
  {
    "jobId": 400,
    "jobTitle": "Software Engg -2",
    "project": [
      {
        "technology": [
          "Kotlin",
          "SQL Lite",
          "Gradle",
          "Pega"
        ],
        "projectName": "Movie App"
      }
    ],
    "jobDescription": "To develop andriod application",
    "experience": [
      "Google",
      "Apple",
      "Mobile Iron"
    ]
  },
  {
    "jobId": 6,
    "jobTitle": "Software Engg -2",
    "project": [
      {
        "technology": [
          "Kotlin",
          "SQL Lite",
          "Gradle",
          "Pega"
        ],
        "projectName": "Movie App"
      }
    ],
    "jobDescription": "To develop andriod application",
    "experience": [
      "Google",
      "Apple",
      "Mobile Iron"
    ]
  },
  {
    "jobId": 5,
    "jobTitle": "Software Engg -3",
    "project": [
      {
        "technology": [
          "Kotlin",
          "SQL Lite",
          "Gradle",
          "Pega"
        ],
        "projectName": "Movie App"
      },
      {
        "technology": [
          "Node Js",
          "Html",
          "Css",
          "MongoDb"
        ],
        "projectName": "Web App"
      }
    ],
    "jobDescription": "To develop andriod application and web application",
    "experience": [
      "Google",
      "Apple",
      "Mobile Iron"
    ]
  },
  {
    "jobId": 6,
    "jobTitle": "Software Engg -2",
    "project": [
      {
        "technology": [
          "Kotlin",
          "SQL Lite",
          "Gradle",
          "Pega"
        ],
        "projectName": "Movie App"
      }
    ],
    "jobDescription": "To develop andriod application",
    "experience": [
      "Google",
      "Apple",
      "Mobile Iron"
    ]
  },
  {
    "jobId": 400,
    "jobTitle": "Software Engg -2",
    "project": [
      {
        "technology": [
          "Kotlin",
          "SQL Lite",
          "Gradle",
          "Pega"
        ],
        "projectName": "Movie App"
      }
    ],
    "jobDescription": "To develop andriod application",
    "experience": [
      "Google",
      "Apple",
      "Mobile Iron"
    ]
  },
  {
    "jobId": 297,
    "jobTitle": "Software Engg -2",
    "project": [
      {
        "technology": [
          "Kotlin",
          "SQL Lite",
          "Gradle",
          "Pega"
        ],
        "projectName": "Movie App"
      }
    ],
    "jobDescription": "To develop andriod application",
    "experience": [
      "Google",
      "Apple",
      "Mobile Iron"
    ]
  },
  {
    "jobId": 297,
    "jobTitle": "Software Engg -2",
    "project": [
      {
        "technology": [
          "Kotlin",
          "SQL Lite",
          "Gradle",
          "Pega"
        ],
        "projectName": "Movie App"
      }
    ],
    "jobDescription": "To develop andriod application",
    "experience": [
      "Google",
      "Apple",
      "Mobile Iron"
    ]
  },
  {
    "jobId": 400,
    "jobTitle": "Software Engg -2",
    "project": [
      {
        "technology": [
          "Kotlin",
          "SQL Lite",
          "Gradle",
          "Pega"
        ],
        "projectName": "Movie App"
      }
    ],
    "jobDescription": "To develop andriod application",
    "experience": [
      "Google",
      "Apple",
      "Mobile Iron"
    ]
  },
  {
    "jobId": 400,
    "jobTitle": "Software Engg -2",
    "project": [
      {
        "technology": [
          "Kotlin",
          "SQL Lite",
          "Gradle",
          "Pega"
        ],
        "projectName": "Movie App"
      }
    ],
    "jobDescription": "To develop andriod application",
    "experience": [
      "Google",
      "Apple",
      "Mobile Iron"
    ]
  },
  {
    "jobId": 297,
    "jobTitle": "Software Engg -2",
    "project": [
      {
        "technology": [
          "Kotlin",
          "SQL Lite",
          "Gradle",
          "Pega"
        ],
        "projectName": "Movie App"
      }
    ],
    "jobDescription": "To develop andriod application",
    "experience": [
      "Google",
      "Apple",
      "Mobile Iron"
    ]
  },
  {
    "jobId": 2,
    "jobTitle": "Software Engg -5",
    "project": [
      {
        "technology": [
          "Kotlin",
          "SQL Lite",
          "Gradle",
          "Pega"
        ],
        "projectName": "Movie App"
      },
      {
        "technology": [
          "Node Js",
          "Html",
          "Css",
          "MongoDb"
        ],
        "projectName": "Web App"
      }
    ],
    "jobDescription": "To develop andriod application and web application",
    "experience": [
      "Google",
      "Apple",
      "Mobile Iron"
    ]
  },
  {
    "jobId": 400,
    "jobTitle": "Software Engg -2",
    "project": [
      {
        "technology": [
          "Kotlin",
          "SQL Lite",
          "Gradle",
          "Pega"
        ],
        "projectName": "Movie App"
      }
    ],
    "jobDescription": "To develop andriod application",
    "experience": [
      "Google",
      "Apple",
      "Mobile Iron"
    ]
  },
  {
    "jobId": 3,
    "jobTitle": "Software Engg -5",
    "project": [
      {
        "technology": [
          "Kotlin",
          "SQL Lite",
          "Gradle",
          "Pega"
        ],
        "projectName": "Movie App"
      },
      {
        "technology": [
          "Node Js",
          "Html",
          "Css",
          "MongoDb"
        ],
        "projectName": "Web App"
      }
    ],
    "jobDescription": "To develop andriod application and web application",
    "experience": [
      "Google",
      "Apple",
      "Mobile Iron"
    ]
  },
  {
    "jobId": 297,
    "jobTitle": "Software Engg -2",
    "project": [
      {
        "technology": [
          "Kotlin",
          "SQL Lite",
          "Gradle",
          "Pega"
        ],
        "projectName": "Movie App"
      }
    ],
    "jobDescription": "To develop andriod application",
    "experience": [
      "Google",
      "Apple",
      "Mobile Iron"
    ]
  },
  {
    "jobId": 10,
    "jobTitle": "Software Engg -5",
    "project": [
      {
        "technology": [
          "Kotlin",
          "SQL Lite",
          "Gradle",
          "Pega"
        ],
        "projectName": "Movie App"
      },
      {
        "technology": [
          "Node Js",
          "Html",
          "Css",
          "MongoDb"
        ],
        "projectName": "Web App"
      }
    ],
    "jobDescription": "To develop andriod application and web application",
    "experience": [
      "Google",
      "Apple",
      "Mobile Iron"
    ]
  },
  {
    "jobId": 10,
    "jobTitle": "Software Engg -2",
    "project": [
      {
        "technology": [
          "Kotlin",
          "SQL Lite",
          "Gradle",
          "Pega"
        ],
        "projectName": "Movie App"
      }
    ],
    "jobDescription": "To develop andriod application",
    "experience": [
      "Google",
      "Apple",
      "Mobile Iron"
    ]
  },
  {
    "jobId": 297,
    "jobTitle": "Software Engg -2",
    "project": [
      {
        "technology": [
          "Kotlin",
          "SQL Lite",
          "Gradle",
          "Pega"
        ],
        "projectName": "Movie App"
      }
    ],
    "jobDescription": "To develop andriod application",
    "experience": [
      "Google",
      "Apple",
      "Mobile Iron"
    ]
  },
  {
    "jobId": 400,
    "jobTitle": "Software Engg -2",
    "project": [
      {
        "technology": [
          "Kotlin",
          "SQL Lite",
          "Gradle",
          "Pega"
        ],
        "projectName": "Movie App"
      }
    ],
    "jobDescription": "To develop andriod application",
    "experience": [
      "Google",
      "Apple",
      "Mobile Iron"
    ]
  },
  {
    "jobId": 4,
    "jobTitle": "Software Engg -5",
    "project": [
      {
        "technology": [
          "Kotlin",
          "SQL Lite",
          "Gradle",
          "Pega"
        ],
        "projectName": "Movie App"
      },
      {
        "technology": [
          "Node Js",
          "Html",
          "Css",
          "MongoDb"
        ],
        "projectName": "Web App"
      }
    ],
    "jobDescription": "To develop andriod application and web application",
    "experience": [
      "Google",
      "Apple",
      "Mobile Iron"
    ]
  },
  {
    "jobId": 6,
    "jobTitle": "Software Engg -2",
    "project": [
      {
        "technology": [
          "Kotlin",
          "SQL Lite",
          "Gradle",
          "Pega"
        ],
        "projectName": "Movie App"
      }
    ],
    "jobDescription": "To develop andriod application",
    "experience": [
      "Google",
      "Apple",
      "Mobile Iron"
    ]
  },
  {
    "jobId": 297,
    "jobTitle": "Software Engg -2",
    "project": [
      {
        "technology": [
          "Kotlin",
          "SQL Lite",
          "Gradle",
          "Pega"
        ],
        "projectName": "Movie App"
      }
    ],
    "jobDescription": "To develop andriod application",
    "experience": [
      "Google",
      "Apple",
      "Mobile Iron"
    ]
  },
  {
    "jobId": 400,
    "jobTitle": "Software Engg -2",
    "project": [
      {
        "technology": [
          "Kotlin",
          "SQL Lite",
          "Gradle",
          "Pega"
        ],
        "projectName": "Movie App"
      }
    ],
    "jobDescription": "To develop andriod application",
    "experience": [
      "Google",
      "Apple",
      "Mobile Iron"
    ]
  },
  {
    "jobId": 8,
    "jobTitle": "Software Engg -5",
    "project": [
      {
        "technology": [
          "Kotlin",
          "SQL Lite",
          "Gradle",
          "Pega"
        ],
        "projectName": "Movie App"
      },
      {
        "technology": [
          "Node Js",
          "Html",
          "Css",
          "MongoDb"
        ],
        "projectName": "Web App"
      }
    ],
    "jobDescription": "To develop andriod application and web application",
    "experience": [
      "Google",
      "Apple",
      "Mobile Iron"
    ]
  },
  {
    "jobId": 297,
    "jobTitle": "Software Engg -2",
    "project": [
      {
        "technology": [
          "Kotlin",
          "SQL Lite",
          "Gradle",
          "Pega"
        ],
        "projectName": "Movie App"
      }
    ],
    "jobDescription": "To develop andriod application",
    "experience": [
      "Google",
      "Apple",
      "Mobile Iron"
    ]
  },
  {
    "jobId": 2,
    "jobTitle": "Software Engg -2",
    "project": [
      {
        "technology": [
          "Kotlin",
          "SQL Lite",
          "Gradle",
          "Pega"
        ],
        "projectName": "Movie App"
      }
    ],
    "jobDescription": "To develop andriod application",
    "experience": [
      "Google",
      "Apple",
      "Mobile Iron"
    ]
  },
  {
    "jobId": 7,
    "jobTitle": "Software Engg -5",
    "project": [
      {
        "technology": [
          "Kotlin",
          "SQL Lite",
          "Gradle",
          "Pega"
        ],
        "projectName": "Movie App"
      },
      {
        "technology": [
          "Node Js",
          "Html",
          "Css",
          "MongoDb"
        ],
        "projectName": "Web App"
      }
    ],
    "jobDescription": "To develop andriod application and web application",
    "experience": [
      "Google",
      "Apple",
      "Mobile Iron"
    ]
  },
  {
    "jobId": 400,
    "jobTitle": "Software Engg -2",
    "project": [
      {
        "technology": [
          "Kotlin",
          "SQL Lite",
          "Gradle",
          "Pega"
        ],
        "projectName": "Movie App"
      }
    ],
    "jobDescription": "To develop andriod application",
    "experience": [
      "Google",
      "Apple",
      "Mobile Iron"
    ]
  },
  {
    "jobId": 8,
    "jobTitle": "Software Engg -2",
    "project": [
      {
        "technology": [
          "Kotlin",
          "SQL Lite",
          "Gradle",
          "Pega"
        ],
        "projectName": "Movie App"
      }
    ],
    "jobDescription": "To develop andriod application",
    "experience": [
      "Google",
      "Apple",
      "Mobile Iron"
    ]
  },
  {
    "jobId": 297,
    "jobTitle": "Software Engg -2",
    "project": [
      {
        "technology": [
          "Kotlin",
          "SQL Lite",
          "Gradle",
          "Pega"
        ],
        "projectName": "Movie App"
      }
    ],
    "jobDescription": "To develop andriod application",
    "experience": [
      "Google",
      "Apple",
      "Mobile Iron"
    ]
  },
  {
    "jobId": 9,
    "jobTitle": "Software Engg -5",
    "project": [
      {
        "technology": [
          "Kotlin",
          "SQL Lite",
          "Gradle",
          "Pega"
        ],
        "projectName": "Movie App"
      },
      {
        "technology": [
          "Node Js",
          "Html",
          "Css",
          "MongoDb"
        ],
        "projectName": "Web App"
      }
    ],
    "jobDescription": "To develop andriod application and web application",
    "experience": [
      "Google",
      "Apple",
      "Mobile Iron"
    ]
  },
  {
    "jobId": 400,
    "jobTitle": "Software Engg -2",
    "project": [
      {
        "technology": [
          "Kotlin",
          "SQL Lite",
          "Gradle",
          "Pega"
        ],
        "projectName": "Movie App"
      }
    ],
    "jobDescription": "To develop andriod application",
    "experience": [
      "Google",
      "Apple",
      "Mobile Iron"
    ]
  },
  {
    "jobId": 3,
    "jobTitle": "Software Engg -2",
    "project": [
      {
        "technology": [
          "Kotlin",
          "SQL Lite",
          "Gradle",
          "Pega"
        ],
        "projectName": "Movie App"
      }
    ],
    "jobDescription": "To develop andriod application",
    "experience": [
      "Google",
      "Apple",
      "Mobile Iron"
    ]
  }
]

07:29:51.845 assertion failed: path: $, actual: [{"jobId":1,"jobTitle":"Software Engg","project":[{"technology":["Kotlin","SQL Lite","Gradle"],"projectName":"Movie App"}],"jobDescription":"To develop andriod application","experience":["Google","Apple","Mobile Iron"]},{"jobId":297,"jobTitle":"Software Engg -2","project":[{"technology":["Kotlin","SQL Lite","Gradle","Pega"],"projectName":"Movie App"}],"jobDescription":"To develop andriod application","experience":["Google","Apple","Mobile Iron"]},{"jobId":400,"jobTitle":"Software Engg -2","project":[{"technology":["Kotlin","SQL Lite","Gradle","Pega"],"projectName":"Movie App"}],"jobDescription":"To develop andriod application","experience":["Google","Apple","Mobile Iron"]},{"jobId":6,"jobTitle":"Software Engg -2","project":[{"technology":["Kotlin","SQL Lite","Gradle","Pega"],"projectName":"Movie App"}],"jobDescription":"To develop andriod application","experience":["Google","Apple","Mobile Iron"]},{"jobId":5,"jobTitle":"Software Engg -3","project":[{"technology":["Kotlin","SQL Lite","Gradle","Pega"],"projectName":"Movie App"},{"technology":["Node Js","Html","Css","MongoDb"],"projectName":"Web App"}],"jobDescription":"To develop andriod application and web application","experience":["Google","Apple","Mobile Iron"]},{"jobId":6,"jobTitle":"Software Engg -2","project":[{"technology":["Kotlin","SQL Lite","Gradle","Pega"],"projectName":"Movie App"}],"jobDescription":"To develop andriod application","experience":["Google","Apple","Mobile Iron"]},{"jobId":400,"jobTitle":"Software Engg -2","project":[{"technology":["Kotlin","SQL Lite","Gradle","Pega"],"projectName":"Movie App"}],"jobDescription":"To develop andriod application","experience":["Google","Apple","Mobile Iron"]},{"jobId":297,"jobTitle":"Software Engg -2","project":[{"technology":["Kotlin","SQL Lite","Gradle","Pega"],"projectName":"Movie App"}],"jobDescription":"To develop andriod application","experience":["Google","Apple","Mobile Iron"]},{"jobId":297,"jobTitle":"Software Engg -2","project":[{"technology":["Kotlin","SQL Lite","Gradle","Pega"],"projectName":"Movie App"}],"jobDescription":"To develop andriod application","experience":["Google","Apple","Mobile Iron"]},{"jobId":400,"jobTitle":"Software Engg -2","project":[{"technology":["Kotlin","SQL Lite","Gradle","Pega"],"projectName":"Movie App"}],"jobDescription":"To develop andriod application","experience":["Google","Apple","Mobile Iron"]},{"jobId":400,"jobTitle":"Software Engg -2","project":[{"technology":["Kotlin","SQL Lite","Gradle","Pega"],"projectName":"Movie App"}],"jobDescription":"To develop andriod application","experience":["Google","Apple","Mobile Iron"]},{"jobId":297,"jobTitle":"Software Engg -2","project":[{"technology":["Kotlin","SQL Lite","Gradle","Pega"],"projectName":"Movie App"}],"jobDescription":"To develop andriod application","experience":["Google","Apple","Mobile Iron"]},{"jobId":2,"jobTitle":"Software Engg -5","project":[{"technology":["Kotlin","SQL Lite","Gradle","Pega"],"projectName":"Movie App"},{"technology":["Node Js","Html","Css","MongoDb"],"projectName":"Web App"}],"jobDescription":"To develop andriod application and web application","experience":["Google","Apple","Mobile Iron"]},{"jobId":400,"jobTitle":"Software Engg -2","project":[{"technology":["Kotlin","SQL Lite","Gradle","Pega"],"projectName":"Movie App"}],"jobDescription":"To develop andriod application","experience":["Google","Apple","Mobile Iron"]},{"jobId":3,"jobTitle":"Software Engg -5","project":[{"technology":["Kotlin","SQL Lite","Gradle","Pega"],"projectName":"Movie App"},{"technology":["Node Js","Html","Css","MongoDb"],"projectName":"Web App"}],"jobDescription":"To develop andriod application and web application","experience":["Google","Apple","Mobile Iron"]},{"jobId":297,"jobTitle":"Software Engg -2","project":[{"technology":["Kotlin","SQL Lite","Gradle","Pega"],"projectName":"Movie App"}],"jobDescription":"To develop andriod application","experience":["Google","Apple","Mobile Iron"]},{"jobId":10,"jobTitle":"Software Engg -5","project":[{"technology":["Kotlin","SQL Lite","Gradle","Pega"],"projectName":"Movie App"},{"technology":["Node Js","Html","Css","MongoDb"],"projectName":"Web App"}],"jobDescription":"To develop andriod application and web application","experience":["Google","Apple","Mobile Iron"]},{"jobId":10,"jobTitle":"Software Engg -2","project":[{"technology":["Kotlin","SQL Lite","Gradle","Pega"],"projectName":"Movie App"}],"jobDescription":"To develop andriod application","experience":["Google","Apple","Mobile Iron"]},{"jobId":297,"jobTitle":"Software Engg -2","project":[{"technology":["Kotlin","SQL Lite","Gradle","Pega"],"projectName":"Movie App"}],"jobDescription":"To develop andriod application","experience":["Google","Apple","Mobile Iron"]},{"jobId":400,"jobTitle":"Software Engg -2","project":[{"technology":["Kotlin","SQL Lite","Gradle","Pega"],"projectName":"Movie App"}],"jobDescription":"To develop andriod application","experience":["Google","Apple","Mobile Iron"]},{"jobId":4,"jobTitle":"Software Engg -5","project":[{"technology":["Kotlin","SQL Lite","Gradle","Pega"],"projectName":"Movie App"},{"technology":["Node Js","Html","Css","MongoDb"],"projectName":"Web App"}],"jobDescription":"To develop andriod application and web application","experience":["Google","Apple","Mobile Iron"]},{"jobId":6,"jobTitle":"Software Engg -2","project":[{"technology":["Kotlin","SQL Lite","Gradle","Pega"],"projectName":"Movie App"}],"jobDescription":"To develop andriod application","experience":["Google","Apple","Mobile Iron"]},{"jobId":297,"jobTitle":"Software Engg -2","project":[{"technology":["Kotlin","SQL Lite","Gradle","Pega"],"projectName":"Movie App"}],"jobDescription":"To develop andriod application","experience":["Google","Apple","Mobile Iron"]},{"jobId":400,"jobTitle":"Software Engg -2","project":[{"technology":["Kotlin","SQL Lite","Gradle","Pega"],"projectName":"Movie App"}],"jobDescription":"To develop andriod application","experience":["Google","Apple","Mobile Iron"]},{"jobId":8,"jobTitle":"Software Engg -5","project":[{"technology":["Kotlin","SQL Lite","Gradle","Pega"],"projectName":"Movie App"},{"technology":["Node Js","Html","Css","MongoDb"],"projectName":"Web App"}],"jobDescription":"To develop andriod application and web application","experience":["Google","Apple","Mobile Iron"]},{"jobId":297,"jobTitle":"Software Engg -2","project":[{"technology":["Kotlin","SQL Lite","Gradle","Pega"],"projectName":"Movie App"}],"jobDescription":"To develop andriod application","experience":["Google","Apple","Mobile Iron"]},{"jobId":2,"jobTitle":"Software Engg -2","project":[{"technology":["Kotlin","SQL Lite","Gradle","Pega"],"projectName":"Movie App"}],"jobDescription":"To develop andriod application","experience":["Google","Apple","Mobile Iron"]},{"jobId":7,"jobTitle":"Software Engg -5","project":[{"technology":["Kotlin","SQL Lite","Gradle","Pega"],"projectName":"Movie App"},{"technology":["Node Js","Html","Css","MongoDb"],"projectName":"Web App"}],"jobDescription":"To develop andriod application and web application","experience":["Google","Apple","Mobile Iron"]},{"jobId":400,"jobTitle":"Software Engg -2","project":[{"technology":["Kotlin","SQL Lite","Gradle","Pega"],"projectName":"Movie App"}],"jobDescription":"To develop andriod application","experience":["Google","Apple","Mobile Iron"]},{"jobId":8,"jobTitle":"Software Engg -2","project":[{"technology":["Kotlin","SQL Lite","Gradle","Pega"],"projectName":"Movie App"}],"jobDescription":"To develop andriod application","experience":["Google","Apple","Mobile Iron"]},{"jobId":297,"jobTitle":"Software Engg -2","project":[{"technology":["Kotlin","SQL Lite","Gradle","Pega"],"projectName":"Movie App"}],"jobDescription":"To develop andriod application","experience":["Google","Apple","Mobile Iron"]},{"jobId":9,"jobTitle":"Software Engg -5","project":[{"technology":["Kotlin","SQL Lite","Gradle","Pega"],"projectName":"Movie App"},{"technology":["Node Js","Html","Css","MongoDb"],"projectName":"Web App"}],"jobDescription":"To develop andriod application and web application","experience":["Google","Apple","Mobile Iron"]},{"jobId":400,"jobTitle":"Software Engg -2","project":[{"technology":["Kotlin","SQL Lite","Gradle","Pega"],"projectName":"Movie App"}],"jobDescription":"To develop andriod application","experience":["Google","Apple","Mobile Iron"]},{"jobId":3,"jobTitle":"Software Engg -2","project":[{"technology":["Kotlin","SQL Lite","Gradle","Pega"],"projectName":"Movie App"}],"jobDescription":"To develop andriod application","experience":["Google","Apple","Mobile Iron"]}], expected: [{"jobId":1,"jobTitle":"Software Engg","jobDescription":"To develop andriod application","experience":["Google","Apple","Mobile Iron"],"project":[{"projectName":"Movie App","technology":["Kotlin","SQL Lite","Gradle"]}]},{"jobId":2,"jobTitle":"Software Engg -2","jobDescription":"To develop andriod application","experience":["Google","Apple","Mobile Iron"],"project":[{"projectName":"Movie App","technology":["Kotlin","SQL Lite","Gradle","Pega"]}]}], reason: actual and expected arrays are not the same size - 34:2
07:29:51.859 karate.env system property was:  
07:29:51.862 [print] ====== base url ======
07:29:51.868 request:
1 > GET http://localhost:9191/normal/webapi/all
1 > Accept: application/json
1 > Accept-Encoding: gzip,deflate
1 > Connection: Keep-Alive
1 > Host: localhost:9191
1 > User-Agent: Apache-HttpClient/4.5.12 (Java/1.8.0_291)

07:29:51.879 response time in milliseconds: 8.19
1 < 200
1 < Cache-Control: no-cache, no-store, max-age=0, must-revalidate
1 < Connection: keep-alive
1 < Content-Type: application/json
1 < Date: Wed, 27 Jul 2022 01:59:51 GMT
1 < Expires: 0
1 < Keep-Alive: timeout=60
1 < Pragma: no-cache
1 < Transfer-Encoding: chunked
1 < X-Content-Type-Options: nosniff
1 < X-Frame-Options: DENY
1 < X-XSS-Protection: 1; mode=block
[{"jobId":1,"jobTitle":"Software Engg","jobDescription":"To develop andriod application","experience":["Google","Apple","Mobile Iron"],"project":[{"projectName":"Movie App","technology":["Kotlin","SQL Lite","Gradle"]}]},{"jobId":297,"jobTitle":"Software Engg -2","jobDescription":"To develop andriod application","experience":["Google","Apple","Mobile Iron"],"project":[{"projectName":"Movie App","technology":["Kotlin","SQL Lite","Gradle","Pega"]}]},{"jobId":400,"jobTitle":"Software Engg -2","jobDescription":"To develop andriod application","experience":["Google","Apple","Mobile Iron"],"project":[{"projectName":"Movie App","technology":["Kotlin","SQL Lite","Gradle","Pega"]}]},{"jobId":6,"jobTitle":"Software Engg -2","jobDescription":"To develop andriod application","experience":["Google","Apple","Mobile Iron"],"project":[{"projectName":"Movie App","technology":["Kotlin","SQL Lite","Gradle","Pega"]}]},{"jobId":5,"jobTitle":"Software Engg -3","jobDescription":"To develop andriod application and web application","experience":["Google","Apple","Mobile Iron"],"project":[{"projectName":"Movie App","technology":["Kotlin","SQL Lite","Gradle","Pega"]},{"projectName":"Web App","technology":["Node Js","Html","Css","MongoDb"]}]},{"jobId":6,"jobTitle":"Software Engg -2","jobDescription":"To develop andriod application","experience":["Google","Apple","Mobile Iron"],"project":[{"projectName":"Movie App","technology":["Kotlin","SQL Lite","Gradle","Pega"]}]},{"jobId":400,"jobTitle":"Software Engg -2","jobDescription":"To develop andriod application","experience":["Google","Apple","Mobile Iron"],"project":[{"projectName":"Movie App","technology":["Kotlin","SQL Lite","Gradle","Pega"]}]},{"jobId":297,"jobTitle":"Software Engg -2","jobDescription":"To develop andriod application","experience":["Google","Apple","Mobile Iron"],"project":[{"projectName":"Movie App","technology":["Kotlin","SQL Lite","Gradle","Pega"]}]},{"jobId":297,"jobTitle":"Software Engg -2","jobDescription":"To develop andriod application","experience":["Google","Apple","Mobile Iron"],"project":[{"projectName":"Movie App","technology":["Kotlin","SQL Lite","Gradle","Pega"]}]},{"jobId":400,"jobTitle":"Software Engg -2","jobDescription":"To develop andriod application","experience":["Google","Apple","Mobile Iron"],"project":[{"projectName":"Movie App","technology":["Kotlin","SQL Lite","Gradle","Pega"]}]},{"jobId":400,"jobTitle":"Software Engg -2","jobDescription":"To develop andriod application","experience":["Google","Apple","Mobile Iron"],"project":[{"projectName":"Movie App","technology":["Kotlin","SQL Lite","Gradle","Pega"]}]},{"jobId":297,"jobTitle":"Software Engg -2","jobDescription":"To develop andriod application","experience":["Google","Apple","Mobile Iron"],"project":[{"projectName":"Movie App","technology":["Kotlin","SQL Lite","Gradle","Pega"]}]},{"jobId":2,"jobTitle":"Software Engg -5","jobDescription":"To develop andriod application and web application","experience":["Google","Apple","Mobile Iron"],"project":[{"projectName":"Movie App","technology":["Kotlin","SQL Lite","Gradle","Pega"]},{"projectName":"Web App","technology":["Node Js","Html","Css","MongoDb"]}]},{"jobId":400,"jobTitle":"Software Engg -2","jobDescription":"To develop andriod application","experience":["Google","Apple","Mobile Iron"],"project":[{"projectName":"Movie App","technology":["Kotlin","SQL Lite","Gradle","Pega"]}]},{"jobId":297,"jobTitle":"Software Engg -2","jobDescription":"To develop andriod application","experience":["Google","Apple","Mobile Iron"],"project":[{"projectName":"Movie App","technology":["Kotlin","SQL Lite","Gradle","Pega"]}]},{"jobId":10,"jobTitle":"Software Engg -5","jobDescription":"To develop andriod application and web application","experience":["Google","Apple","Mobile Iron"],"project":[{"projectName":"Movie App","technology":["Kotlin","SQL Lite","Gradle","Pega"]},{"projectName":"Web App","technology":["Node Js","Html","Css","MongoDb"]}]},{"jobId":10,"jobTitle":"Software Engg -2","jobDescription":"To develop andriod application","experience":["Google","Apple","Mobile Iron"],"project":[{"projectName":"Movie App","technology":["Kotlin","SQL Lite","Gradle","Pega"]}]},{"jobId":297,"jobTitle":"Software Engg -2","jobDescription":"To develop andriod application","experience":["Google","Apple","Mobile Iron"],"project":[{"projectName":"Movie App","technology":["Kotlin","SQL Lite","Gradle","Pega"]}]},{"jobId":400,"jobTitle":"Software Engg -2","jobDescription":"To develop andriod application","experience":["Google","Apple","Mobile Iron"],"project":[{"projectName":"Movie App","technology":["Kotlin","SQL Lite","Gradle","Pega"]}]},{"jobId":4,"jobTitle":"Software Engg -5","jobDescription":"To develop andriod application and web application","experience":["Google","Apple","Mobile Iron"],"project":[{"projectName":"Movie App","technology":["Kotlin","SQL Lite","Gradle","Pega"]},{"projectName":"Web App","technology":["Node Js","Html","Css","MongoDb"]}]},{"jobId":6,"jobTitle":"Software Engg -2","jobDescription":"To develop andriod application","experience":["Google","Apple","Mobile Iron"],"project":[{"projectName":"Movie App","technology":["Kotlin","SQL Lite","Gradle","Pega"]}]},{"jobId":297,"jobTitle":"Software Engg -2","jobDescription":"To develop andriod application","experience":["Google","Apple","Mobile Iron"],"project":[{"projectName":"Movie App","technology":["Kotlin","SQL Lite","Gradle","Pega"]}]},{"jobId":400,"jobTitle":"Software Engg -2","jobDescription":"To develop andriod application","experience":["Google","Apple","Mobile Iron"],"project":[{"projectName":"Movie App","technology":["Kotlin","SQL Lite","Gradle","Pega"]}]},{"jobId":8,"jobTitle":"Software Engg -5","jobDescription":"To develop andriod application and web application","experience":["Google","Apple","Mobile Iron"],"project":[{"projectName":"Movie App","technology":["Kotlin","SQL Lite","Gradle","Pega"]},{"projectName":"Web App","technology":["Node Js","Html","Css","MongoDb"]}]},{"jobId":297,"jobTitle":"Software Engg -2","jobDescription":"To develop andriod application","experience":["Google","Apple","Mobile Iron"],"project":[{"projectName":"Movie App","technology":["Kotlin","SQL Lite","Gradle","Pega"]}]},{"jobId":2,"jobTitle":"Software Engg -2","jobDescription":"To develop andriod application","experience":["Google","Apple","Mobile Iron"],"project":[{"projectName":"Movie App","technology":["Kotlin","SQL Lite","Gradle","Pega"]}]},{"jobId":7,"jobTitle":"Software Engg -5","jobDescription":"To develop andriod application and web application","experience":["Google","Apple","Mobile Iron"],"project":[{"projectName":"Movie App","technology":["Kotlin","SQL Lite","Gradle","Pega"]},{"projectName":"Web App","technology":["Node Js","Html","Css","MongoDb"]}]},{"jobId":400,"jobTitle":"Software Engg -2","jobDescription":"To develop andriod application","experience":["Google","Apple","Mobile Iron"],"project":[{"projectName":"Movie App","technology":["Kotlin","SQL Lite","Gradle","Pega"]}]},{"jobId":8,"jobTitle":"Software Engg -2","jobDescription":"To develop andriod application","experience":["Google","Apple","Mobile Iron"],"project":[{"projectName":"Movie App","technology":["Kotlin","SQL Lite","Gradle","Pega"]}]},{"jobId":297,"jobTitle":"Software Engg -2","jobDescription":"To develop andriod application","experience":["Google","Apple","Mobile Iron"],"project":[{"projectName":"Movie App","technology":["Kotlin","SQL Lite","Gradle","Pega"]}]},{"jobId":9,"jobTitle":"Software Engg -5","jobDescription":"To develop andriod application and web application","experience":["Google","Apple","Mobile Iron"],"project":[{"projectName":"Movie App","technology":["Kotlin","SQL Lite","Gradle","Pega"]},{"projectName":"Web App","technology":["Node Js","Html","Css","MongoDb"]}]},{"jobId":400,"jobTitle":"Software Engg -2","jobDescription":"To develop andriod application","experience":["Google","Apple","Mobile Iron"],"project":[{"projectName":"Movie App","technology":["Kotlin","SQL Lite","Gradle","Pega"]}]},{"jobId":3,"jobTitle":"Software Engg -5","jobDescription":"To develop andriod application and web application","experience":["Google","Apple","Mobile Iron"],"project":[{"projectName":"Movie App","technology":["Kotlin","SQL Lite","Gradle","Pega"]},{"projectName":"Web App","technology":["Node Js","Html","Css","MongoDb"]}]}]

07:29:51.883 [print] [
  {
    "jobId": 1,
    "jobTitle": "Software Engg",
    "project": [
      {
        "technology": [
          "Kotlin",
          "SQL Lite",
          "Gradle"
        ],
        "projectName": "Movie App"
      }
    ],
    "jobDescription": "To develop andriod application",
    "experience": [
      "Google",
      "Apple",
      "Mobile Iron"
    ]
  },
  {
    "jobId": 297,
    "jobTitle": "Software Engg -2",
    "project": [
      {
        "technology": [
          "Kotlin",
          "SQL Lite",
          "Gradle",
          "Pega"
        ],
        "projectName": "Movie App"
      }
    ],
    "jobDescription": "To develop andriod application",
    "experience": [
      "Google",
      "Apple",
      "Mobile Iron"
    ]
  },
  {
    "jobId": 400,
    "jobTitle": "Software Engg -2",
    "project": [
      {
        "technology": [
          "Kotlin",
          "SQL Lite",
          "Gradle",
          "Pega"
        ],
        "projectName": "Movie App"
      }
    ],
    "jobDescription": "To develop andriod application",
    "experience": [
      "Google",
      "Apple",
      "Mobile Iron"
    ]
  },
  {
    "jobId": 6,
    "jobTitle": "Software Engg -2",
    "project": [
      {
        "technology": [
          "Kotlin",
          "SQL Lite",
          "Gradle",
          "Pega"
        ],
        "projectName": "Movie App"
      }
    ],
    "jobDescription": "To develop andriod application",
    "experience": [
      "Google",
      "Apple",
      "Mobile Iron"
    ]
  },
  {
    "jobId": 5,
    "jobTitle": "Software Engg -3",
    "project": [
      {
        "technology": [
          "Kotlin",
          "SQL Lite",
          "Gradle",
          "Pega"
        ],
        "projectName": "Movie App"
      },
      {
        "technology": [
          "Node Js",
          "Html",
          "Css",
          "MongoDb"
        ],
        "projectName": "Web App"
      }
    ],
    "jobDescription": "To develop andriod application and web application",
    "experience": [
      "Google",
      "Apple",
      "Mobile Iron"
    ]
  },
  {
    "jobId": 6,
    "jobTitle": "Software Engg -2",
    "project": [
      {
        "technology": [
          "Kotlin",
          "SQL Lite",
          "Gradle",
          "Pega"
        ],
        "projectName": "Movie App"
      }
    ],
    "jobDescription": "To develop andriod application",
    "experience": [
      "Google",
      "Apple",
      "Mobile Iron"
    ]
  },
  {
    "jobId": 400,
    "jobTitle": "Software Engg -2",
    "project": [
      {
        "technology": [
          "Kotlin",
          "SQL Lite",
          "Gradle",
          "Pega"
        ],
        "projectName": "Movie App"
      }
    ],
    "jobDescription": "To develop andriod application",
    "experience": [
      "Google",
      "Apple",
      "Mobile Iron"
    ]
  },
  {
    "jobId": 297,
    "jobTitle": "Software Engg -2",
    "project": [
      {
        "technology": [
          "Kotlin",
          "SQL Lite",
          "Gradle",
          "Pega"
        ],
        "projectName": "Movie App"
      }
    ],
    "jobDescription": "To develop andriod application",
    "experience": [
      "Google",
      "Apple",
      "Mobile Iron"
    ]
  },
  {
    "jobId": 297,
    "jobTitle": "Software Engg -2",
    "project": [
      {
        "technology": [
          "Kotlin",
          "SQL Lite",
          "Gradle",
          "Pega"
        ],
        "projectName": "Movie App"
      }
    ],
    "jobDescription": "To develop andriod application",
    "experience": [
      "Google",
      "Apple",
      "Mobile Iron"
    ]
  },
  {
    "jobId": 400,
    "jobTitle": "Software Engg -2",
    "project": [
      {
        "technology": [
          "Kotlin",
          "SQL Lite",
          "Gradle",
          "Pega"
        ],
        "projectName": "Movie App"
      }
    ],
    "jobDescription": "To develop andriod application",
    "experience": [
      "Google",
      "Apple",
      "Mobile Iron"
    ]
  },
  {
    "jobId": 400,
    "jobTitle": "Software Engg -2",
    "project": [
      {
        "technology": [
          "Kotlin",
          "SQL Lite",
          "Gradle",
          "Pega"
        ],
        "projectName": "Movie App"
      }
    ],
    "jobDescription": "To develop andriod application",
    "experience": [
      "Google",
      "Apple",
      "Mobile Iron"
    ]
  },
  {
    "jobId": 297,
    "jobTitle": "Software Engg -2",
    "project": [
      {
        "technology": [
          "Kotlin",
          "SQL Lite",
          "Gradle",
          "Pega"
        ],
        "projectName": "Movie App"
      }
    ],
    "jobDescription": "To develop andriod application",
    "experience": [
      "Google",
      "Apple",
      "Mobile Iron"
    ]
  },
  {
    "jobId": 2,
    "jobTitle": "Software Engg -5",
    "project": [
      {
        "technology": [
          "Kotlin",
          "SQL Lite",
          "Gradle",
          "Pega"
        ],
        "projectName": "Movie App"
      },
      {
        "technology": [
          "Node Js",
          "Html",
          "Css",
          "MongoDb"
        ],
        "projectName": "Web App"
      }
    ],
    "jobDescription": "To develop andriod application and web application",
    "experience": [
      "Google",
      "Apple",
      "Mobile Iron"
    ]
  },
  {
    "jobId": 400,
    "jobTitle": "Software Engg -2",
    "project": [
      {
        "technology": [
          "Kotlin",
          "SQL Lite",
          "Gradle",
          "Pega"
        ],
        "projectName": "Movie App"
      }
    ],
    "jobDescription": "To develop andriod application",
    "experience": [
      "Google",
      "Apple",
      "Mobile Iron"
    ]
  },
  {
    "jobId": 297,
    "jobTitle": "Software Engg -2",
    "project": [
      {
        "technology": [
          "Kotlin",
          "SQL Lite",
          "Gradle",
          "Pega"
        ],
        "projectName": "Movie App"
      }
    ],
    "jobDescription": "To develop andriod application",
    "experience": [
      "Google",
      "Apple",
      "Mobile Iron"
    ]
  },
  {
    "jobId": 10,
    "jobTitle": "Software Engg -5",
    "project": [
      {
        "technology": [
          "Kotlin",
          "SQL Lite",
          "Gradle",
          "Pega"
        ],
        "projectName": "Movie App"
      },
      {
        "technology": [
          "Node Js",
          "Html",
          "Css",
          "MongoDb"
        ],
        "projectName": "Web App"
      }
    ],
    "jobDescription": "To develop andriod application and web application",
    "experience": [
      "Google",
      "Apple",
      "Mobile Iron"
    ]
  },
  {
    "jobId": 10,
    "jobTitle": "Software Engg -2",
    "project": [
      {
        "technology": [
          "Kotlin",
          "SQL Lite",
          "Gradle",
          "Pega"
        ],
        "projectName": "Movie App"
      }
    ],
    "jobDescription": "To develop andriod application",
    "experience": [
      "Google",
      "Apple",
      "Mobile Iron"
    ]
  },
  {
    "jobId": 297,
    "jobTitle": "Software Engg -2",
    "project": [
      {
        "technology": [
          "Kotlin",
          "SQL Lite",
          "Gradle",
          "Pega"
        ],
        "projectName": "Movie App"
      }
    ],
    "jobDescription": "To develop andriod application",
    "experience": [
      "Google",
      "Apple",
      "Mobile Iron"
    ]
  },
  {
    "jobId": 400,
    "jobTitle": "Software Engg -2",
    "project": [
      {
        "technology": [
          "Kotlin",
          "SQL Lite",
          "Gradle",
          "Pega"
        ],
        "projectName": "Movie App"
      }
    ],
    "jobDescription": "To develop andriod application",
    "experience": [
      "Google",
      "Apple",
      "Mobile Iron"
    ]
  },
  {
    "jobId": 4,
    "jobTitle": "Software Engg -5",
    "project": [
      {
        "technology": [
          "Kotlin",
          "SQL Lite",
          "Gradle",
          "Pega"
        ],
        "projectName": "Movie App"
      },
      {
        "technology": [
          "Node Js",
          "Html",
          "Css",
          "MongoDb"
        ],
        "projectName": "Web App"
      }
    ],
    "jobDescription": "To develop andriod application and web application",
    "experience": [
      "Google",
      "Apple",
      "Mobile Iron"
    ]
  },
  {
    "jobId": 6,
    "jobTitle": "Software Engg -2",
    "project": [
      {
        "technology": [
          "Kotlin",
          "SQL Lite",
          "Gradle",
          "Pega"
        ],
        "projectName": "Movie App"
      }
    ],
    "jobDescription": "To develop andriod application",
    "experience": [
      "Google",
      "Apple",
      "Mobile Iron"
    ]
  },
  {
    "jobId": 297,
    "jobTitle": "Software Engg -2",
    "project": [
      {
        "technology": [
          "Kotlin",
          "SQL Lite",
          "Gradle",
          "Pega"
        ],
        "projectName": "Movie App"
      }
    ],
    "jobDescription": "To develop andriod application",
    "experience": [
      "Google",
      "Apple",
      "Mobile Iron"
    ]
  },
  {
    "jobId": 400,
    "jobTitle": "Software Engg -2",
    "project": [
      {
        "technology": [
          "Kotlin",
          "SQL Lite",
          "Gradle",
          "Pega"
        ],
        "projectName": "Movie App"
      }
    ],
    "jobDescription": "To develop andriod application",
    "experience": [
      "Google",
      "Apple",
      "Mobile Iron"
    ]
  },
  {
    "jobId": 8,
    "jobTitle": "Software Engg -5",
    "project": [
      {
        "technology": [
          "Kotlin",
          "SQL Lite",
          "Gradle",
          "Pega"
        ],
        "projectName": "Movie App"
      },
      {
        "technology": [
          "Node Js",
          "Html",
          "Css",
          "MongoDb"
        ],
        "projectName": "Web App"
      }
    ],
    "jobDescription": "To develop andriod application and web application",
    "experience": [
      "Google",
      "Apple",
      "Mobile Iron"
    ]
  },
  {
    "jobId": 297,
    "jobTitle": "Software Engg -2",
    "project": [
      {
        "technology": [
          "Kotlin",
          "SQL Lite",
          "Gradle",
          "Pega"
        ],
        "projectName": "Movie App"
      }
    ],
    "jobDescription": "To develop andriod application",
    "experience": [
      "Google",
      "Apple",
      "Mobile Iron"
    ]
  },
  {
    "jobId": 2,
    "jobTitle": "Software Engg -2",
    "project": [
      {
        "technology": [
          "Kotlin",
          "SQL Lite",
          "Gradle",
          "Pega"
        ],
        "projectName": "Movie App"
      }
    ],
    "jobDescription": "To develop andriod application",
    "experience": [
      "Google",
      "Apple",
      "Mobile Iron"
    ]
  },
  {
    "jobId": 7,
    "jobTitle": "Software Engg -5",
    "project": [
      {
        "technology": [
          "Kotlin",
          "SQL Lite",
          "Gradle",
          "Pega"
        ],
        "projectName": "Movie App"
      },
      {
        "technology": [
          "Node Js",
          "Html",
          "Css",
          "MongoDb"
        ],
        "projectName": "Web App"
      }
    ],
    "jobDescription": "To develop andriod application and web application",
    "experience": [
      "Google",
      "Apple",
      "Mobile Iron"
    ]
  },
  {
    "jobId": 400,
    "jobTitle": "Software Engg -2",
    "project": [
      {
        "technology": [
          "Kotlin",
          "SQL Lite",
          "Gradle",
          "Pega"
        ],
        "projectName": "Movie App"
      }
    ],
    "jobDescription": "To develop andriod application",
    "experience": [
      "Google",
      "Apple",
      "Mobile Iron"
    ]
  },
  {
    "jobId": 8,
    "jobTitle": "Software Engg -2",
    "project": [
      {
        "technology": [
          "Kotlin",
          "SQL Lite",
          "Gradle",
          "Pega"
        ],
        "projectName": "Movie App"
      }
    ],
    "jobDescription": "To develop andriod application",
    "experience": [
      "Google",
      "Apple",
      "Mobile Iron"
    ]
  },
  {
    "jobId": 297,
    "jobTitle": "Software Engg -2",
    "project": [
      {
        "technology": [
          "Kotlin",
          "SQL Lite",
          "Gradle",
          "Pega"
        ],
        "projectName": "Movie App"
      }
    ],
    "jobDescription": "To develop andriod application",
    "experience": [
      "Google",
      "Apple",
      "Mobile Iron"
    ]
  },
  {
    "jobId": 9,
    "jobTitle": "Software Engg -5",
    "project": [
      {
        "technology": [
          "Kotlin",
          "SQL Lite",
          "Gradle",
          "Pega"
        ],
        "projectName": "Movie App"
      },
      {
        "technology": [
          "Node Js",
          "Html",
          "Css",
          "MongoDb"
        ],
        "projectName": "Web App"
      }
    ],
    "jobDescription": "To develop andriod application and web application",
    "experience": [
      "Google",
      "Apple",
      "Mobile Iron"
    ]
  },
  {
    "jobId": 400,
    "jobTitle": "Software Engg -2",
    "project": [
      {
        "technology": [
          "Kotlin",
          "SQL Lite",
          "Gradle",
          "Pega"
        ],
        "projectName": "Movie App"
      }
    ],
    "jobDescription": "To develop andriod application",
    "experience": [
      "Google",
      "Apple",
      "Mobile Iron"
    ]
  },
  {
    "jobId": 3,
    "jobTitle": "Software Engg -5",
    "project": [
      {
        "technology": [
          "Kotlin",
          "SQL Lite",
          "Gradle",
          "Pega"
        ],
        "projectName": "Movie App"
      },
      {
        "technology": [
          "Node Js",
          "Html",
          "Css",
          "MongoDb"
        ],
        "projectName": "Web App"
      }
    ],
    "jobDescription": "To develop andriod application and web application",
    "experience": [
      "Google",
      "Apple",
      "Mobile Iron"
    ]
  }
]

y>SQL Lite</technology><technology>Gradle</technology><technology>Pega</technology></technology></project></project></item><item><jobId>400</jobId><jobTitle>Software Engg -2</jobTitle><jobDescription>To develop andriod application</jobDescription><experience><experience>Google</experience><experience>Apple</experience><experience>Mobile Iron</experience></experience><project><project><projectName>Movie App</projectName><technology><technology>Kotlin</technology><technology>SQL Lite</technology><technology>Gradle</technology><technology>Pega</technology></technology></project></project></item><item><jobId>400</jobId><jobTitle>Software Engg -2</jobTitle><jobDescription>To develop andriod application</jobDescription><experience><experience>Google</experience><experience>Apple</experience><experience>Mobile Iron</experience></experience><project><project><projectName>Movie App</projectName><technology><technology>Kotlin</technology><technology>SQL Lite</technology><technology>Gradle</technology><technology>Pega</technology></technology></project></project></item><item><jobId>297</jobId><jobTitle>Software Engg -2</jobTitle><jobDescription>To develop andriod application</jobDescription><experience><experience>Google</experience><experience>Apple</experience><experience>Mobile Iron</experience></experience><project><project><projectName>Movie App</projectName><technology><technology>Kotlin</technology><technology>SQL Lite</technology><technology>Gradle</technology><technology>Pega</technology></technology></project></project></item><item><jobId>2</jobId><jobTitle>Software Engg -5</jobTitle><jobDescription>To develop andriod application and web application</jobDescription><experience><experience>Google</experience><experience>Apple</experience><experience>Mobile Iron</experience></experience><project><project><projectName>Movie App</projectName><technology><technology>Kotlin</technology><technology>SQL Lite</technology><technology>Gradle</technology><technology>Pega</technology></technology></project><project><projectName>Web App</projectName><technology><technology>Node Js</technology><technology>Html</technology><technology>Css</technology><technology>MongoDb</technology></technology></project></project></item><item><jobId>400</jobId><jobTitle>Software Engg -2</jobTitle><jobDescription>To develop andriod application</jobDescription><experience><experience>Google</experience><experience>Apple</experience><experience>Mobile Iron</experience></experience><project><project><projectName>Movie App</projectName><technology><technology>Kotlin</technology><technology>SQL Lite</technology><technology>Gradle</technology><technology>Pega</technology></technology></project></project></item><item><jobId>3</jobId><jobTitle>Software Engg -5</jobTitle><jobDescription>To develop andriod application and web application</jobDescription><experience><experience>Google</experience><experience>Apple</experience><experience>Mobile Iron</experience></experience><project><project><projectName>Movie App</projectName><technology><technology>Kotlin</technology><technology>SQL Lite</technology><technology>Gradle</technology><technology>Pega</technology></technology></project><project><projectName>Web App</projectName><technology><technology>Node Js</technology><technology>Html</technology><technology>Css</technology><technology>MongoDb</technology></technology></project></project></item><item><jobId>297</jobId><jobTitle>Software Engg -2</jobTitle><jobDescription>To develop andriod application</jobDescription><experience><experience>Google</experience><experience>Apple</experience><experience>Mobile Iron</experience></experience><project><project><projectName>Movie App</projectName><technology><technology>Kotlin</technology><technology>SQL Lite</technology><technology>Gradle</technology><technology>Pega</technology></technology></project></project></item><item><jobId>10</jobId><jobTitle>Software Engg -5</jobTitle><jobDescription>To develop andriod application and web application</jobDescription><experience><experience>Google</experience><experience>Apple</experience><experience>Mobile Iron</experience></experience><project><project><projectName>Movie App</projectName><technology><technology>Kotlin</technology><technology>SQL Lite</technology><technology>Gradle</technology><technology>Pega</technology></technology></project><project><projectName>Web App</projectName><technology><technology>Node Js</technology><technology>Html</technology><technology>Css</technology><technology>MongoDb</technology></technology></project></project></item><item><jobId>10</jobId><jobTitle>Software Engg -2</jobTitle><jobDescription>To develop andriod application</jobDescription><experience><experience>Google</experience><experience>Apple</experience><experience>Mobile Iron</experience></experience><project><project><projectName>Movie App</projectName><technology><technology>Kotlin</technology><technology>SQL Lite</technology><technology>Gradle</technology><technology>Pega</technology></technology></project></project></item><item><jobId>297</jobId><jobTitle>Software Engg -2</jobTitle><jobDescription>To develop andriod application</jobDescription><experience><experience>Google</experience><experience>Apple</experience><experience>Mobile Iron</experience></experience><project><project><projectName>Movie App</projectName><technology><technology>Kotlin</technology><technology>SQL Lite</technology><technology>Gradle</technology><technology>Pega</technology></technology></project></project></item><item><jobId>400</jobId><jobTitle>Software Engg -2</jobTitle><jobDescription>To develop andriod application</jobDescription><experience><experience>Google</experience><experience>Apple</experience><experience>Mobile Iron</experience></experience><project><project><projectName>Movie App</projectName><technology><technology>Kotlin</technology><technology>SQL Lite</technology><technology>Gradle</technology><technology>Pega</technology></technology></project></project></item><item><jobId>4</jobId><jobTitle>Software Engg -5</jobTitle><jobDescription>To develop andriod application and web application</jobDescription><experience><experience>Google</experience><experience>Apple</experience><experience>Mobile Iron</experience></experience><project><project><projectName>Movie App</projectName><technology><technology>Kotlin</technology><technology>SQL Lite</technology><technology>Gradle</technology><technology>Pega</technology></technology></project><project><projectName>Web App</projectName><technology><technology>Node Js</technology><technology>Html</technology><technology>Css</technology><technology>MongoDb</technology></technology></project></project></item><item><jobId>6</jobId><jobTitle>Software Engg -2</jobTitle><jobDescription>To develop andriod application</jobDescription><experience><experience>Google</experience><experience>Apple</experience><experience>Mobile Iron</experience></experience><project><project><projectName>Movie App</projectName><technology><technology>Kotlin</technology><technology>SQL Lite</technology><technology>Gradle</technology><technology>Pega</technology></technology></project></project></item><item><jobId>297</jobId><jobTitle>Software Engg -2</jobTitle><jobDescription>To develop andriod application</jobDescription><experience><experience>Google</experience><experience>Apple</experience><experience>Mobile Iron</experience></experience><project><project><projectName>Movie App</projectName><technology><technology>Kotlin</technology><technology>SQL Lite</technology><technology>Gradle</technology><technology>Pega</technology></technology></project></project></item><item><jobId>400</jobId><jobTitle>Software Engg -2</jobTitle><jobDescription>To develop andriod application</jobDescription><experience><experience>Google</experience><experience>Apple</experience><experience>Mobile Iron</experience></experience><project><project><projectName>Movie App</projectName><technology><technology>Kotlin</technology><technology>SQL Lite</technology><technology>Gradle</technology><technology>Pega</technology></technology></project></project></item><item><jobId>8</jobId><jobTitle>Software Engg -5</jobTitle><jobDescription>To develop andriod application and web application</jobDescription><experience><experience>Google</experience><experience>Apple</experience><experience>Mobile Iron</experience></experience><project><project><projectName>Movie App</projectName><technology><technology>Kotlin</technology><technology>SQL Lite</technology><technology>Gradle</technology><technology>Pega</technology></technology></project><project><projectName>Web App</projectName><technology><technology>Node Js</technology><technology>Html</technology><technology>Css</technology><technology>MongoDb</technology></technology></project></project></item><item><jobId>297</jobId><jobTitle>Software Engg -2</jobTitle><jobDescription>To develop andriod application</jobDescription><experience><experience>Google</experience><experience>Apple</experience><experience>Mobile Iron</experience></experience><project><project><projectName>Movie App</projectName><technology><technology>Kotlin</technology><technology>SQL Lite</technology><technology>Gradle</technology><technology>Pega</technology></technology></project></project></item><item><jobId>2</jobId><jobTitle>Software Engg -2</jobTitle><jobDescription>To develop andriod application</jobDescription><experience><experience>Google</experience><experience>Apple</experience><experience>Mobile Iron</experience></experience><project><project><projectName>Movie App</projectName><technology><technology>Kotlin</technology><technology>SQL Lite</technology><technology>Gradle</technology><technology>Pega</technology></technology></project></project></item><item><jobId>7</jobId><jobTitle>Software Engg -5</jobTitle><jobDescription>To develop andriod application and web application</jobDescription><experience><experience>Google</experience><experience>Apple</experience><experience>Mobile Iron</experience></experience><project><project><projectName>Movie App</projectName><technology><technology>Kotlin</technology><technology>SQL Lite</technology><technology>Gradle</technology><technology>Pega</technology></technology></project><project><projectName>Web App</projectName><technology><technology>Node Js</technology><technology>Html</technology><technology>Css</technology><technology>MongoDb</technology></technology></project></project></item><item><jobId>400</jobId><jobTitle>Software Engg -2</jobTitle><jobDescription>To develop andriod application</jobDescription><experience><experience>Google</experience><experience>Apple</experience><experience>Mobile Iron</experience></experience><project><project><projectName>Movie App</projectName><technology><technology>Kotlin</technology><technology>SQL Lite</technology><technology>Gradle</technology><technology>Pega</technology></technology></project></project></item><item><jobId>9</jobId><jobTitle>Software Engg -5</jobTitle><jobDescription>To develop andriod application and web application</jobDescription><experience><experience>Google</experience><experience>Apple</experience><experience>Mobile Iron</experience></experience><project><project><projectName>Movie App</projectName><technology><technology>Kotlin</technology><technology>SQL Lite</technology><technology>Gradle</technology><technology>Pega</technology></technology></project><project><projectName>Web App</projectName><technology><technology>Node Js</technology><technology>Html</technology><technology>Css</technology><technology>MongoDb</technology></technology></project></project></item></List>

 and web application","experience":["Google","Apple","Mobile Iron"],"project":[{"projectName":"Movie App","technology":["Kotlin","SQL Lite","Gradle","Pega"]},{"projectName":"Web App","technology":["Node Js","Html","Css","MongoDb"]}]},{"jobId":6,"jobTitle":"Software Engg -2","jobDescription":"To develop andriod application","experience":["Google","Apple","Mobile Iron"],"project":[{"projectName":"Movie App","technology":["Kotlin","SQL Lite","Gradle","Pega"]}]},{"jobId":297,"jobTitle":"Software Engg -2","jobDescription":"To develop andriod application","experience":["Google","Apple","Mobile Iron"],"project":[{"projectName":"Movie App","technology":["Kotlin","SQL Lite","Gradle","Pega"]}]},{"jobId":7,"jobTitle":"Software Engg -5","jobDescription":"To develop andriod application and web application","experience":["Google","Apple","Mobile Iron"],"project":[{"projectName":"Movie App","technology":["Kotlin","SQL Lite","Gradle","Pega"]},{"projectName":"Web App","technology":["Node Js","Html","Css","MongoDb"]}]},{"jobId":400,"jobTitle":"Software Engg -2","jobDescription":"To develop andriod application","experience":["Google","Apple","Mobile Iron"],"project":[{"projectName":"Movie App","technology":["Kotlin","SQL Lite","Gradle","Pega"]}]},{"jobId":8,"jobTitle":"Software Engg -5","jobDescription":"To develop andriod application and web application","experience":["Google","Apple","Mobile Iron"],"project":[{"projectName":"Movie App","technology":["Kotlin","SQL Lite","Gradle","Pega"]},{"projectName":"Web App","technology":["Node Js","Html","Css","MongoDb"]}]}]

07:25:52.354 [print] [
  {
    "jobId": 1,
    "jobTitle": "Software Engg",
    "project": [
      {
        "technology": [
          "Kotlin",
          "SQL Lite",
          "Gradle"
        ],
        "projectName": "Movie App"
      }
    ],
    "jobDescription": "To develop andriod application",
    "experience": [
      "Google",
      "Apple",
      "Mobile Iron"
    ]
  },
  {
    "jobId": 297,
    "jobTitle": "Software Engg -2",
    "project": [
      {
        "technology": [
          "Kotlin",
          "SQL Lite",
          "Gradle",
          "Pega"
        ],
        "projectName": "Movie App"
      }
    ],
    "jobDescription": "To develop andriod application",
    "experience": [
      "Google",
      "Apple",
      "Mobile Iron"
    ]
  },
  {
    "jobId": 400,
    "jobTitle": "Software Engg -2",
    "project": [
      {
        "technology": [
          "Kotlin",
          "SQL Lite",
          "Gradle",
          "Pega"
        ],
        "projectName": "Movie App"
      }
    ],
    "jobDescription": "To develop andriod application",
    "experience": [
      "Google",
      "Apple",
      "Mobile Iron"
    ]
  },
  {
    "jobId": 6,
    "jobTitle": "Software Engg -2",
    "project": [
      {
        "technology": [
          "Kotlin",
          "SQL Lite",
          "Gradle",
          "Pega"
        ],
        "projectName": "Movie App"
      }
    ],
    "jobDescription": "To develop andriod application",
    "experience": [
      "Google",
      "Apple",
      "Mobile Iron"
    ]
  },
  {
    "jobId": 5,
    "jobTitle": "Software Engg -3",
    "project": [
      {
        "technology": [
          "Kotlin",
          "SQL Lite",
          "Gradle",
          "Pega"
        ],
        "projectName": "Movie App"
      },
      {
        "technology": [
          "Node Js",
          "Html",
          "Css",
          "MongoDb"
        ],
        "projectName": "Web App"
      }
    ],
    "jobDescription": "To develop andriod application and web application",
    "experience": [
      "Google",
      "Apple",
      "Mobile Iron"
    ]
  },
  {
    "jobId": 6,
    "jobTitle": "Software Engg -2",
    "project": [
      {
        "technology": [
          "Kotlin",
          "SQL Lite",
          "Gradle",
          "Pega"
        ],
        "projectName": "Movie App"
      }
    ],
    "jobDescription": "To develop andriod application",
    "experience": [
      "Google",
      "Apple",
      "Mobile Iron"
    ]
  },
  {
    "jobId": 400,
    "jobTitle": "Software Engg -2",
    "project": [
      {
        "technology": [
          "Kotlin",
          "SQL Lite",
          "Gradle",
          "Pega"
        ],
        "projectName": "Movie App"
      }
    ],
    "jobDescription": "To develop andriod application",
    "experience": [
      "Google",
      "Apple",
      "Mobile Iron"
    ]
  },
  {
    "jobId": 297,
    "jobTitle": "Software Engg -2",
    "project": [
      {
        "technology": [
          "Kotlin",
          "SQL Lite",
          "Gradle",
          "Pega"
        ],
        "projectName": "Movie App"
      }
    ],
    "jobDescription": "To develop andriod application",
    "experience": [
      "Google",
      "Apple",
      "Mobile Iron"
    ]
  },
  {
    "jobId": 297,
    "jobTitle": "Software Engg -2",
    "project": [
      {
        "technology": [
          "Kotlin",
          "SQL Lite",
          "Gradle",
          "Pega"
        ],
        "projectName": "Movie App"
      }
    ],
    "jobDescription": "To develop andriod application",
    "experience": [
      "Google",
      "Apple",
      "Mobile Iron"
    ]
  },
  {
    "jobId": 400,
    "jobTitle": "Software Engg -2",
    "project": [
      {
        "technology": [
          "Kotlin",
          "SQL Lite",
          "Gradle",
          "Pega"
        ],
        "projectName": "Movie App"
      }
    ],
    "jobDescription": "To develop andriod application",
    "experience": [
      "Google",
      "Apple",
      "Mobile Iron"
    ]
  },
  {
    "jobId": 400,
    "jobTitle": "Software Engg -2",
    "project": [
      {
        "technology": [
          "Kotlin",
          "SQL Lite",
          "Gradle",
          "Pega"
        ],
        "projectName": "Movie App"
      }
    ],
    "jobDescription": "To develop andriod application",
    "experience": [
      "Google",
      "Apple",
      "Mobile Iron"
    ]
  },
  {
    "jobId": 297,
    "jobTitle": "Software Engg -2",
    "project": [
      {
        "technology": [
          "Kotlin",
          "SQL Lite",
          "Gradle",
          "Pega"
        ],
        "projectName": "Movie App"
      }
    ],
    "jobDescription": "To develop andriod application",
    "experience": [
      "Google",
      "Apple",
      "Mobile Iron"
    ]
  },
  {
    "jobId": 2,
    "jobTitle": "Software Engg -5",
    "project": [
      {
        "technology": [
          "Kotlin",
          "SQL Lite",
          "Gradle",
          "Pega"
        ],
        "projectName": "Movie App"
      },
      {
        "technology": [
          "Node Js",
          "Html",
          "Css",
          "MongoDb"
        ],
        "projectName": "Web App"
      }
    ],
    "jobDescription": "To develop andriod application and web application",
    "experience": [
      "Google",
      "Apple",
      "Mobile Iron"
    ]
  },
  {
    "jobId": 400,
    "jobTitle": "Software Engg -2",
    "project": [
      {
        "technology": [
          "Kotlin",
          "SQL Lite",
          "Gradle",
          "Pega"
        ],
        "projectName": "Movie App"
      }
    ],
    "jobDescription": "To develop andriod application",
    "experience": [
      "Google",
      "Apple",
      "Mobile Iron"
    ]
  },
  {
    "jobId": 3,
    "jobTitle": "Software Engg -5",
    "project": [
      {
        "technology": [
          "Kotlin",
          "SQL Lite",
          "Gradle",
          "Pega"
        ],
        "projectName": "Movie App"
      },
      {
        "technology": [
          "Node Js",
          "Html",
          "Css",
          "MongoDb"
        ],
        "projectName": "Web App"
      }
    ],
    "jobDescription": "To develop andriod application and web application",
    "experience": [
      "Google",
      "Apple",
      "Mobile Iron"
    ]
  },
  {
    "jobId": 297,
    "jobTitle": "Software Engg -2",
    "project": [
      {
        "technology": [
          "Kotlin",
          "SQL Lite",
          "Gradle",
          "Pega"
        ],
        "projectName": "Movie App"
      }
    ],
    "jobDescription": "To develop andriod application",
    "experience": [
      "Google",
      "Apple",
      "Mobile Iron"
    ]
  },
  {
    "jobId": 10,
    "jobTitle": "Software Engg -5",
    "project": [
      {
        "technology": [
          "Kotlin",
          "SQL Lite",
          "Gradle",
          "Pega"
        ],
        "projectName": "Movie App"
      },
      {
        "technology": [
          "Node Js",
          "Html",
          "Css",
          "MongoDb"
        ],
        "projectName": "Web App"
      }
    ],
    "jobDescription": "To develop andriod application and web application",
    "experience": [
      "Google",
      "Apple",
      "Mobile Iron"
    ]
  },
  {
    "jobId": 10,
    "jobTitle": "Software Engg -2",
    "project": [
      {
        "technology": [
          "Kotlin",
          "SQL Lite",
          "Gradle",
          "Pega"
        ],
        "projectName": "Movie App"
      }
    ],
    "jobDescription": "To develop andriod application",
    "experience": [
      "Google",
      "Apple",
      "Mobile Iron"
    ]
  },
  {
    "jobId": 297,
    "jobTitle": "Software Engg -2",
    "project": [
      {
        "technology": [
          "Kotlin",
          "SQL Lite",
          "Gradle",
          "Pega"
        ],
        "projectName": "Movie App"
      }
    ],
    "jobDescription": "To develop andriod application",
    "experience": [
      "Google",
      "Apple",
      "Mobile Iron"
    ]
  },
  {
    "jobId": 9,
    "jobTitle": "Software Engg -5",
    "project": [
      {
        "technology": [
          "Kotlin",
          "SQL Lite",
          "Gradle",
          "Pega"
        ],
        "projectName": "Movie App"
      },
      {
        "technology": [
          "Node Js",
          "Html",
          "Css",
          "MongoDb"
        ],
        "projectName": "Web App"
      }
    ],
    "jobDescription": "To develop andriod application and web application",
    "experience": [
      "Google",
      "Apple",
      "Mobile Iron"
    ]
  },
  {
    "jobId": 400,
    "jobTitle": "Software Engg -2",
    "project": [
      {
        "technology": [
          "Kotlin",
          "SQL Lite",
          "Gradle",
          "Pega"
        ],
        "projectName": "Movie App"
      }
    ],
    "jobDescription": "To develop andriod application",
    "experience": [
      "Google",
      "Apple",
      "Mobile Iron"
    ]
  },
  {
    "jobId": 4,
    "jobTitle": "Software Engg -5",
    "project": [
      {
        "technology": [
          "Kotlin",
          "SQL Lite",
          "Gradle",
          "Pega"
        ],
        "projectName": "Movie App"
      },
      {
        "technology": [
          "Node Js",
          "Html",
          "Css",
          "MongoDb"
        ],
        "projectName": "Web App"
      }
    ],
    "jobDescription": "To develop andriod application and web application",
    "experience": [
      "Google",
      "Apple",
      "Mobile Iron"
    ]
  },
  {
    "jobId": 6,
    "jobTitle": "Software Engg -2",
    "project": [
      {
        "technology": [
          "Kotlin",
          "SQL Lite",
          "Gradle",
          "Pega"
        ],
        "projectName": "Movie App"
      }
    ],
    "jobDescription": "To develop andriod application",
    "experience": [
      "Google",
      "Apple",
      "Mobile Iron"
    ]
  },
  {
    "jobId": 297,
    "jobTitle": "Software Engg -2",
    "project": [
      {
        "technology": [
          "Kotlin",
          "SQL Lite",
          "Gradle",
          "Pega"
        ],
        "projectName": "Movie App"
      }
    ],
    "jobDescription": "To develop andriod application",
    "experience": [
      "Google",
      "Apple",
      "Mobile Iron"
    ]
  },
  {
    "jobId": 7,
    "jobTitle": "Software Engg -5",
    "project": [
      {
        "technology": [
          "Kotlin",
          "SQL Lite",
          "Gradle",
          "Pega"
        ],
        "projectName": "Movie App"
      },
      {
        "technology": [
          "Node Js",
          "Html",
          "Css",
          "MongoDb"
        ],
        "projectName": "Web App"
      }
    ],
    "jobDescription": "To develop andriod application and web application",
    "experience": [
      "Google",
      "Apple",
      "Mobile Iron"
    ]
  },
  {
    "jobId": 400,
    "jobTitle": "Software Engg -2",
    "project": [
      {
        "technology": [
          "Kotlin",
          "SQL Lite",
          "Gradle",
          "Pega"
        ],
        "projectName": "Movie App"
      }
    ],
    "jobDescription": "To develop andriod application",
    "experience": [
      "Google",
      "Apple",
      "Mobile Iron"
    ]
  },
  {
    "jobId": 8,
    "jobTitle": "Software Engg -5",
    "project": [
      {
        "technology": [
          "Kotlin",
          "SQL Lite",
          "Gradle",
          "Pega"
        ],
        "projectName": "Movie App"
      },
      {
        "technology": [
          "Node Js",
          "Html",
          "Css",
          "MongoDb"
        ],
        "projectName": "Web App"
      }
    ],
    "jobDescription": "To develop andriod application and web application",
    "experience": [
      "Google",
      "Apple",
      "Mobile Iron"
    ]
  }
]

